[2026-04-23 21:34:26] [INFO] === Upgrade started from /home/jun/k8s_manager/UPGRADE_TMP ===
[2026-04-23 21:34:28] [INFO] Pre-check completed. Total source files: 2
[2026-04-23 21:34:31] [INFO] Starting upgrade execution for 2 READY file(s).
[2026-04-23 21:34:32] [INFO] Backed up /home/jun/k8s_manager/main.py -> /home/jun/k8s_manager/main.py.bak
[2026-04-23 21:34:32] [INFO] Original permissions: 0o100664
[2026-04-23 21:34:32] [INFO] Copied /home/jun/k8s_manager/UPGRADE_TMP/main.py -> /home/jun/k8s_manager/main.py
[2026-04-23 21:34:32] [INFO] Restored permissions to 0o100664
[2026-04-23 21:34:33] [INFO] Backed up /home/jun/k8s_manager/utils/precheck.py -> /home/jun/k8s_manager/utils/precheck.py.bak
[2026-04-23 21:34:33] [INFO] Original permissions: 0o100664
[2026-04-23 21:34:33] [INFO] Copied /home/jun/k8s_manager/UPGRADE_TMP/precheck.py -> /home/jun/k8s_manager/utils/precheck.py
[2026-04-23 21:34:33] [INFO] Restored permissions to 0o100664
[2026-04-23 21:34:34] [INFO] Performing post-upgrade health check...
[2026-04-23 21:34:35] [INFO] Import check passed: main
[2026-04-23 21:34:35] [INFO] Import check passed: utils.color
[2026-04-23 21:34:35] [INFO] Import check passed: utils.precheck
[2026-04-23 21:34:35] [INFO] Import check passed: version
[2026-04-23 21:34:36] [INFO] Smoke check passed.
[2026-04-23 21:34:36] [INFO] Health check succeeded.
[2026-04-23 21:34:36] [INFO] Health check passed. Upgrade successful.
[2026-04-23 21:34:36] [INFO] Removed backup /home/jun/k8s_manager/main.py.bak
[2026-04-23 21:34:36] [INFO] Removed backup /home/jun/k8s_manager/utils/precheck.py.bak
[2026-04-23 21:34:38] [INFO] Cleared contents of UPGRADE_TMP directory: /home/jun/k8s_manager/UPGRADE_TMP
