[2026-04-24 13:37:42] [INFO] === Upgrade started from /home/jun/k8s_manager/UPGRADE_TMP ===
[2026-04-24 13:37:44] [INFO] Pre-check completed. Total source files: 2
[2026-04-24 13:37:47] [INFO] Starting upgrade execution for 2 READY file(s).
[2026-04-24 13:37:48] [INFO] Backed up /home/jun/k8s_manager/maintenance/cluster.py -> /home/jun/k8s_manager/maintenance/cluster.py.bak
[2026-04-24 13:37:48] [INFO] Original permissions: 0o100664
[2026-04-24 13:37:48] [INFO] Copied /home/jun/k8s_manager/UPGRADE_TMP/cluster.py -> /home/jun/k8s_manager/maintenance/cluster.py
[2026-04-24 13:37:48] [INFO] Restored permissions to 0o100664
[2026-04-24 13:37:49] [INFO] Backed up /home/jun/k8s_manager/resources/node.py -> /home/jun/k8s_manager/resources/node.py.bak
[2026-04-24 13:37:49] [INFO] Original permissions: 0o100664
[2026-04-24 13:37:49] [INFO] Copied /home/jun/k8s_manager/UPGRADE_TMP/node.py -> /home/jun/k8s_manager/resources/node.py
[2026-04-24 13:37:49] [INFO] Restored permissions to 0o100664
[2026-04-24 13:37:49] [INFO] Performing post-upgrade health check...
[2026-04-24 13:37:51] [INFO] Import check passed: main
[2026-04-24 13:37:51] [INFO] Import check passed: maintenance.cluster
[2026-04-24 13:37:51] [INFO] Import check passed: resources.node
[2026-04-24 13:37:51] [INFO] Import check passed: utils.color
[2026-04-24 13:37:51] [INFO] Import check passed: version
[2026-04-24 13:37:52] [INFO] Smoke check passed.
[2026-04-24 13:37:52] [INFO] Health check succeeded.
[2026-04-24 13:37:52] [INFO] Health check passed. Upgrade successful.
[2026-04-24 13:37:52] [INFO] Removed backup /home/jun/k8s_manager/maintenance/cluster.py.bak
[2026-04-24 13:37:52] [INFO] Removed backup /home/jun/k8s_manager/resources/node.py.bak
[2026-04-24 13:37:53] [INFO] Cleared contents of UPGRADE_TMP directory: /home/jun/k8s_manager/UPGRADE_TMP
