[2026-04-01 12:05:07] [INFO] === Upgrade started from /home/jun/k8s_manager/UPGRADE_TMP ===
[2026-04-01 12:05:07] [INFO] Found 3 .py file(s) to process.
[2026-04-01 12:05:14] [INFO] Backed up /home/jun/k8s_manager/utils/lang.py -> /home/jun/k8s_manager/utils/lang.py.bak
[2026-04-01 12:05:16] [INFO] Original permissions: 0o100664
[2026-04-01 12:05:16] [INFO] Copied /home/jun/k8s_manager/UPGRADE_TMP/lang.py -> /home/jun/k8s_manager/utils/lang.py
[2026-04-01 12:05:18] [INFO] Restored permissions to 0o100664
[2026-04-01 12:05:22] [INFO] Backed up /home/jun/k8s_manager/resources/deployment.py -> /home/jun/k8s_manager/resources/deployment.py.bak
[2026-04-01 12:05:24] [INFO] Original permissions: 0o100664
[2026-04-01 12:05:24] [INFO] Copied /home/jun/k8s_manager/UPGRADE_TMP/deployment.py -> /home/jun/k8s_manager/resources/deployment.py
[2026-04-01 12:05:26] [INFO] Restored permissions to 0o100664
[2026-04-01 12:05:30] [INFO] Backed up /home/jun/k8s_manager/version.py -> /home/jun/k8s_manager/version.py.bak
[2026-04-01 12:05:32] [INFO] Original permissions: 0o100664
[2026-04-01 12:05:32] [INFO] Copied /home/jun/k8s_manager/UPGRADE_TMP/version.py -> /home/jun/k8s_manager/version.py
[2026-04-01 12:05:34] [INFO] Restored permissions to 0o100664
[2026-04-01 12:05:41] [INFO] Starting post-upgrade health check...
[2026-04-01 12:05:41] [INFO] Performing post-upgrade health check...
[2026-04-01 12:05:46] [INFO] Health check succeeded.
[2026-04-01 12:05:46] [INFO] Health check passed. Upgrade successful.
[2026-04-01 12:05:46] [INFO] Removed backup /home/jun/k8s_manager/utils/lang.py.bak
[2026-04-01 12:05:46] [INFO] Removed backup /home/jun/k8s_manager/resources/deployment.py.bak
[2026-04-01 12:05:46] [INFO] Removed backup /home/jun/k8s_manager/version.py.bak
