[2026-03-31 15:12:54] [INFO] === Upgrade started from /home/jun/k8s_manager/UPGRADE_TMP ===
[2026-03-31 15:12:54] [INFO] Found 3 .py file(s) to process.
[2026-03-31 15:13:01] [INFO] Backed up /home/jun/k8s_manager/utils/lang.py -> /home/jun/k8s_manager/utils/lang.py.bak
[2026-03-31 15:13:03] [INFO] Original permissions: 0o100664
[2026-03-31 15:13:03] [INFO] Copied /home/jun/k8s_manager/UPGRADE_TMP/lang.py -> /home/jun/k8s_manager/utils/lang.py
[2026-03-31 15:13:05] [INFO] Restored permissions to 0o100664
[2026-03-31 15:13:09] [INFO] Backed up /home/jun/k8s_manager/resources/deployment.py -> /home/jun/k8s_manager/resources/deployment.py.bak
[2026-03-31 15:13:11] [INFO] Original permissions: 0o100664
[2026-03-31 15:13:11] [INFO] Copied /home/jun/k8s_manager/UPGRADE_TMP/deployment.py -> /home/jun/k8s_manager/resources/deployment.py
[2026-03-31 15:13:13] [INFO] Restored permissions to 0o100664
[2026-03-31 15:13:17] [INFO] Backed up /home/jun/k8s_manager/version.py -> /home/jun/k8s_manager/version.py.bak
[2026-03-31 15:13:19] [INFO] Original permissions: 0o100664
[2026-03-31 15:13:19] [INFO] Copied /home/jun/k8s_manager/UPGRADE_TMP/version.py -> /home/jun/k8s_manager/version.py
[2026-03-31 15:13:21] [INFO] Restored permissions to 0o100664
[2026-03-31 15:13:28] [INFO] Starting post-upgrade health check...
[2026-03-31 15:13:28] [INFO] Performing post-upgrade health check...
[2026-03-31 15:13:34] [INFO] Health check succeeded.
[2026-03-31 15:13:34] [INFO] Health check passed. Upgrade successful.
[2026-03-31 15:13:34] [INFO] Removed backup /home/jun/k8s_manager/utils/lang.py.bak
[2026-03-31 15:13:34] [INFO] Removed backup /home/jun/k8s_manager/resources/deployment.py.bak
[2026-03-31 15:13:34] [INFO] Removed backup /home/jun/k8s_manager/version.py.bak
[2026-03-31 15:13:41] [INFO] Deleted UPGRADE_TMP directory
