[2026-04-01 13:30:06] [INFO] === Upgrade started from /home/jun/k8s_manager/UPGRADE_TMP ===
[2026-04-01 13:30:06] [INFO] Found 3 .py file(s) to process.
[2026-04-01 13:30:13] [INFO] Backed up /home/jun/k8s_manager/utils/lang.py -> /home/jun/k8s_manager/utils/lang.py.bak
[2026-04-01 13:30:15] [INFO] Original permissions: 0o100664
[2026-04-01 13:30:15] [INFO] Copied /home/jun/k8s_manager/UPGRADE_TMP/lang.py -> /home/jun/k8s_manager/utils/lang.py
[2026-04-01 13:30:17] [INFO] Restored permissions to 0o100664
[2026-04-01 13:30:21] [INFO] Backed up /home/jun/k8s_manager/resources/deployment.py -> /home/jun/k8s_manager/resources/deployment.py.bak
[2026-04-01 13:30:23] [INFO] Original permissions: 0o100664
[2026-04-01 13:30:23] [INFO] Copied /home/jun/k8s_manager/UPGRADE_TMP/deployment.py -> /home/jun/k8s_manager/resources/deployment.py
[2026-04-01 13:30:25] [INFO] Restored permissions to 0o100664
[2026-04-01 13:30:29] [INFO] Backed up /home/jun/k8s_manager/version.py -> /home/jun/k8s_manager/version.py.bak
[2026-04-01 13:30:31] [INFO] Original permissions: 0o100664
[2026-04-01 13:30:31] [INFO] Copied /home/jun/k8s_manager/UPGRADE_TMP/version.py -> /home/jun/k8s_manager/version.py
[2026-04-01 13:30:33] [INFO] Restored permissions to 0o100664
[2026-04-01 13:30:40] [INFO] Starting post-upgrade health check...
[2026-04-01 13:30:40] [INFO] Performing post-upgrade health check...
[2026-04-01 13:30:45] [INFO] Health check succeeded.
[2026-04-01 13:30:45] [INFO] Health check passed. Upgrade successful.
[2026-04-01 13:30:45] [INFO] Removed backup /home/jun/k8s_manager/utils/lang.py.bak
[2026-04-01 13:30:45] [INFO] Removed backup /home/jun/k8s_manager/resources/deployment.py.bak
[2026-04-01 13:30:45] [INFO] Removed backup /home/jun/k8s_manager/version.py.bak
[2026-04-01 13:30:53] [INFO] Cleared contents of UPGRADE_TMP directory: /home/jun/k8s_manager/UPGRADE_TMP
